<?xml version="1.0" encoding="UTF-8"?>
<testsuite xmlns:xsi="http://www.w3.org/2001/XMLSchema-instance" xsi:noNamespaceSchemaLocation="https://maven.apache.org/surefire/maven-surefire-plugin/xsd/surefire-test-report.xsd" name="TestSuite" time="141.04" tests="5" errors="0" skipped="0" failures="2">
  <properties>
[...]
</properties>
  <testcase name="firstTest" classname="TestOne" time="5.276">
    <failure message="expected [HCL Gaming Portal - recenzije, vijesti i viÅ¡e za esports, igre i ...] but found [HCL Gaming Portal - recenzije, vijesti i više za esports, igre i ...]" type="java.lang.AssertionError">java.lang.AssertionError: expected [HCL Gaming Portal - recenzije, vijesti i viÅ¡e za esports, igre i ...] but found [HCL Gaming Portal - recenzije, vijesti i više za esports, igre i ...]
	at TestOne.firstTest(TestOne.java:38)
</failure>
    <system-err><![CDATA[Starting ChromeDriver 83.0.4103.39 (ccbf011cb2d2b19b506d844400483861342c20cd-refs/branch-heads/4103@{#416}) on port 6038
Only local connections are allowed.
Please see https://chromedriver.chromium.org/security-considerations for suggestions on keeping ChromeDriver safe.
ChromeDriver was started successfully.
Jul 14, 2020 12:26:40 PM org.openqa.selenium.remote.ProtocolHandshake createSession
INFO: Detected dialect: W3C
]]></system-err>
  </testcase>
  <testcase name="secondTest" classname="TestTwo" time="41.839">
    <failure message="expected [159, 953] but found [159, 971]" type="java.lang.AssertionError">java.lang.AssertionError: expected [159, 953] but found [159, 971]
	at TestTwo.secondTest(TestTwo.java:50)
</failure>
    <system-out><![CDATA[HCL gaming section is on: 159, 971
]]></system-out>
    <system-err><![CDATA[Starting ChromeDriver 83.0.4103.39 (ccbf011cb2d2b19b506d844400483861342c20cd-refs/branch-heads/4103@{#416}) on port 26972
Only local connections are allowed.
Please see https://chromedriver.chromium.org/security-considerations for suggestions on keeping ChromeDriver safe.
ChromeDriver was started successfully.
Jul 14, 2020 12:26:56 PM org.openqa.selenium.remote.ProtocolHandshake createSession
INFO: Detected dialect: W3C
]]></system-err>
  </testcase>
  <testcase name="thirdTest" classname="TestThree" time="14.613"/>
  <testcase name="fourthTest" classname="TestFour" time="9.234"/>
  <testcase name="fifthTest" classname="TestFive" time="22.135"/>
</testsuite>