<?xml version="1.0" encoding="UTF-8"?>
<!-- Generated by org.testng.reporters.JUnitXMLReporter -->
<testsuite hostname="DESKTOP-S9CODJT" ignored="0" tests="5" failures="2" timestamp="2020-07-14T12:28:55 CEST" time="139.692" errors="0">
  <testcase name="firstTest" time="5.258" classname="TestOne">
    <failure type="java.lang.AssertionError" message="expected [HCL Gaming Portal - recenzije, vijesti i viÅ¡e za esports, igre i ...] but found [HCL Gaming Portal - recenzije, vijesti i više za esports, igre i ...]">
      <![CDATA[java.lang.AssertionError: expected [HCL Gaming Portal - recenzije, vijesti i viÅ¡e za esports, igre i ...] but found [HCL Gaming Portal - recenzije, vijesti i više za esports, igre i ...]
at TestOne.firstTest(TestOne.java:38)
at java.util.ArrayList.forEach(ArrayList.java:1257)
... Removed 36 stack frames]]>
    </failure>
  </testcase> <!-- firstTest -->
  <testcase name="secondTest" time="41.838" classname="TestTwo">
    <failure type="java.lang.AssertionError" message="expected [159, 953] but found [159, 971]">
      <![CDATA[java.lang.AssertionError: expected [159, 953] but found [159, 971]
at TestTwo.secondTest(TestTwo.java:50)
at java.util.ArrayList.forEach(ArrayList.java:1257)
... Removed 36 stack frames]]>
    </failure>
  </testcase> <!-- secondTest -->
  <testcase name="thirdTest" time="14.607" classname="TestThree"/>
  <testcase name="fourthTest" time="9.232" classname="TestFour"/>
  <testcase name="fifthTest" time="22.132" classname="TestFive"/>
</testsuite>
